microdb-bench> [OK] DB ready (wipe=1, profile=balanced)
microdb-bench> [RD][kv_put/wifi.ssid              ] rc=MICRODB_OK (0) 85 us
[RD][kv_set/interval               ] rc=MICRODB_OK (0) 30 us
[RD][kv_set/boot.count             ] rc=MICRODB_OK (0) 30 us
[RD][kv_get/interval               ] rc=MICRODB_OK (0) 14 us
[RD][assert/interval               ] expect=OK
[RD][kv_del/boot.count             ] rc=MICRODB_OK (0) 36 us
[RD][admit_kv_set                  ] rc=MICRODB_OK (0) 190 us
[RD][json/set_u32                  ] rc=MICRODB_OK (0) 53 us
[RD][json/get_u32                  ] rc=MICRODB_OK (0) 10 us
[RD][assert/json.counter           ] expect=OK
[RD][ie/export_kv                  ] rc=MICRODB_OK (0) 165 us
[RD][assert/ie.exported            ] expect=OK
[RD][kv_del/wifi.ssid              ] rc=MICRODB_OK (0) 312 us
[RD][kv_del/sensor.interval        ] rc=MICRODB_OK (0) 24 us
[RD][kv_del/json.counter           ] rc=MICRODB_OK (0) 58 us
[RD][ie/import_kv                  ] rc=MICRODB_OK (0) 187 us
[RD][assert/ie.imported            ] expect=OK
[RD][json/get_u32/reimport         ] rc=MICRODB_OK (0) 11 us
[RD][assert/json.reimport          ] expect=OK
[RD][ts_register/temp              ] rc=MICRODB_OK (0) 44 us
[RD][ts_insert/t1                  ] rc=MICRODB_OK (0) 43 us
[RD][ts_insert/t2                  ] rc=MICRODB_OK (0) 23 us
[RD][ts_last/temp                  ] rc=MICRODB_OK (0) 7 us
[RD][assert/ts_last                ] expect=OK
[RD][ts_count/temp                 ] rc=MICRODB_OK (0) 12 us
[RD][assert/ts_count               ] expect=OK
[RD][rel_schema_init               ] rc=MICRODB_OK (0) 8 us
[RD][rel_schema_add/id             ] rc=MICRODB_OK (0) 13 us
[RD][rel_schema_add/sev            ] rc=MICRODB_OK (0) 4 us
[RD][rel_schema_seal               ] rc=MICRODB_OK (0) 6 us
[RD][rel_table_create              ] rc=MICRODB_OK (0)
[RD][rel_table_get                 ] rc=MICRODB_OK (0) 5 us
[RD][rel_clear                     ] rc=MICRODB_OK (0) 29 us
[RD][rel_row_set/id                ] rc=MICRODB_OK (0) 7 us
[RD][rel_row_set/sev               ] rc=MICRODB_OK (0) 4 us
[RD][rel_insert                    ] rc=MICRODB_OK (0) 50 us
[RD][rel_find_by/id                ] rc=MICRODB_OK (0) 13 us
[RD][rel_count                     ] rc=MICRODB_OK (0) 3 us
[RD][assert/rel_count              ] expect=OK
[RD][rel_delete/id                 ] rc=MICRODB_OK (0) 36 us
[RD][assert/rel_delete             ] expect=OK
[RD][admit_rel_insert              ] rc=MICRODB_OK (0) 18 us
[RD][txn_begin                     ] rc=MICRODB_OK (0) 3 us
[RD][txn_set/a                     ] rc=MICRODB_OK (0) 17 us
[RD][txn_commit                    ] rc=MICRODB_OK (0) 72 us
[RD][txn_begin2                    ] rc=MICRODB_OK (0) 1 us
[RD][txn_set/undo                  ] rc=MICRODB_OK (0) 5 us
[RD][txn_rollback                  ] rc=MICRODB_OK (0) 2 us
[RD][flush                         ] rc=MICRODB_OK (0) 7027 us
[RD][deinit                        ] rc=MICRODB_OK (0) 7202 us
[RD][reinit                        ] rc=MICRODB_OK (0) 9718 us
[RD][recover/kv_get                ] rc=MICRODB_OK (0) 24 us
[RD][recover/ts_count              ] rc=MICRODB_OK (0) 18 us
[RD][db_stats                      ] rc=MICRODB_OK (0) 9 us
[RD][kv_stats                      ] rc=MICRODB_OK (0) 471 us
[RD][ts_stats                      ] rc=MICRODB_OK (0) 6 us
[RD][rel_stats                     ] rc=MICRODB_OK (0) 6 us
[RD][eff_cap                       ] rc=MICRODB_OK (0) 13 us
[RD][pressure                      ] rc=MICRODB_OK (0) 14 us
[REAL_DATA] PASS
microdb-bench> 