loxdb-bench> [PROFILE] switched to stress paced=OFF
[OK] DB ready (wipe=1, profile=stress)
loxdb-bench> 
=== loxdb ESP32-S3 benchmark start (profile=stress) ===
[EFFECTIVE] kv_capacity=248 (target=900) wal_total=32736B
[KV] capped ops to capacity: 248
[BENCH] kv_put           total=6.525 ms avg=26.310 us p50=26 p95=27 min=24 max=72 max_op~0 xmax/p50=2.8 spk>1ms=0@0 spk>5ms=0@0 ops/s=38007.7 MB/s=0.145 ops=248 samp=248 heap_d=0
[SLO] kv_put           OK (max=72<=25000, spk>5ms=0<=30)
[PHASE] kv_put           cold_ops=64 cold_avg=26.406 us steady_ops=184 steady_avg=26.277 us
[BENCH] kv_get           total=2.219 ms avg=8.948 us p50=9 p95=9 min=6 max=25 max_op~0 xmax/p50=2.8 spk>1ms=0@0 spk>5ms=0@0 ops/s=111762.1 MB/s=0.426 ops=248 samp=248 heap_d=0
[SLO] kv_get           OK (max=25<=25000, spk>5ms=0<=30)
[PHASE] kv_get           cold_ops=64 cold_avg=9.031 us steady_ops=184 steady_avg=8.918 us
[BENCH] kv_del           total=5.773 ms avg=23.278 us p50=22 p95=23 min=20 max=116 max_op~124 xmax/p50=5.3 spk>1ms=0@0 spk>5ms=0@0 ops/s=42958.6 MB/s=0.000 ops=248 samp=248 heap_d=0
[SLO] kv_del           OK (max=116<=25000, spk>5ms=0<=30)
[PHASE] kv_del           cold_ops=64 cold_avg=21.531 us steady_ops=184 steady_avg=23.886 us
[CHECK] KV benchmark: PASS
[BENCH] ts_insert        total=81.612 ms avg=34.005 us p50=19 p95=20 min=18 max=14584 max_op~2312 xmax/p50=767.6 spk>1ms=2@494 spk>5ms=2@494 ops/s=29407.4 MB/s=0.112 ops=2400 samp=1200 heap_d=0
[SLO] ts_insert        OK (max=14584<=25000, spk>5ms=2<=30)
[PHASE] ts_insert        cold_ops=64 cold_avg=19.859 us steady_ops=2336 steady_avg=34.393 us
[TS] target=2400 retained=1792 dropped=608
[BENCH] ts_query_buf     total=1.471 ms avg=1471.000 us p50=1471 p95=1471 min=1471 max=1471 max_op~0 xmax/p50=1.0 spk>1ms=1@0 spk>5ms=0@0 ops/s=679.8 MB/s=0.830 ops=1 samp=1 heap_d=0
[CHECK] TS benchmark: PASS
[BENCH] rel_insert       total=288.920 ms avg=240.767 us p50=170 p95=628 min=22 max=16534 max_op~737 xmax/p50=97.3 spk>1ms=1@737 spk>5ms=1@737 ops/s=4153.4 MB/s=0.032 ops=1200 samp=1200 heap_d=0
[SLO] rel_insert       OK (max=16534<=25000, spk>5ms=1<=30)
[PHASE] rel_insert       cold_ops=64 cold_avg=23.812 us steady_ops=1136 steady_avg=252.989 us
[BENCH] rel_find(index)  total=0.013 ms avg=13.000 us p50=13 p95=13 min=13 max=13 max_op~0 xmax/p50=1.0 spk>1ms=0@0 spk>5ms=0@0 ops/s=76923.1 MB/s=0.587 ops=1 samp=1 heap_d=0
[REL] rows_expected=1200 rows_actual=1200
[CHECK] REL benchmark: PASS
[WAL] baseline before warmup: used=0 total=32736 fill=0%
[WAL] key_span adjusted to 246 to keep probe key resident.
[BENCH] wal_kv_put       total=13.424 ms avg=41.950 us p50=42 p95=45 min=39 max=72 max_op~0 xmax/p50=1.7 spk>1ms=0@0 spk>5ms=0@0 ops/s=23837.9 MB/s=1.455 ops=320 samp=25 heap_d=0
[SLO] wal_kv_put       OK (max=72<=25000, spk>5ms=0<=30)
[WAL] warmup target_fill=80% reached=93% peak=93% ops_done=320/25600 steady_ops=256 (min=256)
[PHASE] wal_kv_put       cold_ops=64 cold_avg=42.625 us steady_ops=256 steady_avg=41.781 us
[WAL] before compact: used=30768 total=32736 fill=93%
[BENCH] compact          total=22.798 ms avg=22798.000 us p50=22798 p95=22798 min=22798 max=22798 max_op~0 xmax/p50=1.0 spk>1ms=1@0 spk>5ms=1@0 ops/s=43.9 MB/s=0.000 ops=1 samp=1 heap_d=0
[WAL] after compact:  used=0 total=32736 fill=0%
[CHECK] WAL compact: PASS
[BENCH] reopen           total=277.816 ms avg=277816.000 us p50=277816 p95=277816 min=277816 max=277816 max_op~0 xmax/p50=1.0 spk>1ms=1@0 spk>5ms=1@0 ops/s=3.6 MB/s=0.000 ops=1 samp=1 heap_d=0
[CHECK] Reopen integrity: PASS
[MIGRATE] calls=1 old=1 new=2
[CHECK] Migration callback: PASS
[CHECK] TXN commit/rollback: PASS
[STATS] kv=248/248 (100%) coll=0 evict=0
[STATS] ts_streams=1 ts_samples=1792 ts_fill=100%
[STATS] wal=96/32736 (0%) rel_tables=2 rel_rows=1200
=== loxdb ESP32-S3 benchmark end ===
loxdb-bench> [METRICS] count=10
[METRIC] kv_put total=6.525ms avg=26.310us p50=26 p95=27 max=72@0 xmax/p50=2.8 spk>1ms=0@0 spk>5ms=0@0 ops/s=38007.7 MB/s=0.145 heap_d=0
[METRIC] kv_get total=2.219ms avg=8.948us p50=9 p95=9 max=25@0 xmax/p50=2.8 spk>1ms=0@0 spk>5ms=0@0 ops/s=111762.1 MB/s=0.426 heap_d=0
[METRIC] kv_del total=5.773ms avg=23.278us p50=22 p95=23 max=116@124 xmax/p50=5.3 spk>1ms=0@0 spk>5ms=0@0 ops/s=42958.6 MB/s=0.000 heap_d=0
[METRIC] ts_insert total=81.612ms avg=34.005us p50=19 p95=20 max=14584@2312 xmax/p50=767.6 spk>1ms=2@494 spk>5ms=2@494 ops/s=29407.4 MB/s=0.112 heap_d=0
[METRIC] ts_query_buf total=1.471ms avg=1471.000us p50=1471 p95=1471 max=1471@0 xmax/p50=1.0 spk>1ms=1@0 spk>5ms=0@0 ops/s=679.8 MB/s=0.830 heap_d=0
[METRIC] rel_insert total=288.920ms avg=240.767us p50=170 p95=628 max=16534@737 xmax/p50=97.3 spk>1ms=1@737 spk>5ms=1@737 ops/s=4153.4 MB/s=0.032 heap_d=0
[METRIC] rel_find(index) total=0.013ms avg=13.000us p50=13 p95=13 max=13@0 xmax/p50=1.0 spk>1ms=0@0 spk>5ms=0@0 ops/s=76923.1 MB/s=0.587 heap_d=0
[METRIC] wal_kv_put total=13.424ms avg=41.950us p50=42 p95=45 max=72@0 xmax/p50=1.7 spk>1ms=0@0 spk>5ms=0@0 ops/s=23837.9 MB/s=1.455 heap_d=0
[METRIC] compact total=22.798ms avg=22798.000us p50=22798 p95=22798 max=22798@0 xmax/p50=1.0 spk>1ms=1@0 spk>5ms=1@0 ops/s=43.9 MB/s=0.000 heap_d=0
[METRIC] reopen total=277.816ms avg=277816.000us p50=277816 p95=277816 max=277816@0 xmax/p50=1.0 spk>1ms=1@0 spk>5ms=1@0 ops/s=3.6 MB/s=0.000 heap_d=0
loxdb-bench> 